{
  "RSpec": {
    "coverage": {
      "/Users/EW/Documents/makers-academy/week-10/gilded-rose-tech-test/spec/gilded_rose_spec.rb": [
        1,
        null,
        1,
        null,
        5,
        3,
        null,
        1,
        null,
        1,
        null,
        1,
        1,
        1,
        1,
        null,
        null,
        1,
        1,
        1,
        1,
        3,
        null,
        1,
        null,
        null,
        null,
        1,
        1,
        1,
        1,
        1,
        null,
        null,
        1,
        1,
        1,
        1,
        1,
        null,
        null,
        null,
        1,
        1,
        1,
        1,
        1,
        1,
        1,
        null,
        null,
        1,
        1,
        1,
        1,
        1,
        1,
        null,
        null,
        1,
        1,
        1,
        1,
        1,
        null,
        null,
        null,
        1,
        1,
        1,
        1,
        1,
        1,
        null,
        null,
        1,
        1,
        1,
        1,
        1,
        null,
        null,
        1,
        1,
        1,
        1,
        1,
        null,
        null,
        null,
        null,
        1,
        1,
        1,
        1,
        1,
        null,
        null,
        1,
        1,
        1,
        1,
        null,
        null,
        null,
        null,
        1,
        1,
        1,
        1,
        1,
        1,
        1,
        5,
        null,
        1,
        null,
        null,
        1,
        1,
        1,
        1,
        1,
        null,
        null,
        null,
        null
      ],
      "/Users/EW/Documents/makers-academy/week-10/gilded-rose-tech-test/lib/gilded_rose.rb": [
        1,
        null,
        1,
        1,
        1,
        null,
        1,
        14,
        null,
        null,
        1,
        22,
        22,
        null,
        2,
        null,
        13,
        null,
        4,
        null,
        3,
        null,
        null,
        null,
        null,
        1,
        4,
        4,
        3,
        null,
        4,
        1,
        null,
        null,
        null,
        1,
        3,
        3,
        1,
        null,
        2,
        2,
        null,
        2,
        2,
        null,
        2,
        1,
        null,
        null,
        null,
        null,
        1,
        7,
        null,
        null,
        1,
        0,
        null,
        null,
        1,
        9,
        null,
        null,
        null,
        null,
        null,
        null,
        1,
        null,
        1,
        1,
        1,
        null,
        1,
        null,
        1,
        6,
        6,
        6,
        null,
        null,
        1,
        13,
        13,
        7,
        null,
        13,
        1,
        null,
        null,
        null,
        null,
        null,
        null,
        1,
        1,
        null,
        1,
        8,
        8,
        8,
        null,
        null,
        1,
        0,
        null,
        null
      ]
    },
    "timestamp": 1517408524
  }
}
